01/03/2021 16:54 [DEBUG]
User with email elon@gmail.com successfully logged in
__________________________________________________________________ 
01/03/2021 16:55 [DEBUG]
wrong user/pass combination
__________________________________________________________________ 
01/03/2021 16:55 [DEBUG]
User with email elon@gmail.com successfully logged in
__________________________________________________________________ 
01/03/2021 16:55 [DEBUG]
wrong user/pass combination
__________________________________________________________________ 
01/03/2021 16:55 [DEBUG]
wrong user/pass combination
__________________________________________________________________ 
01/03/2021 16:56 [DEBUG]
wrong user/pass combination
__________________________________________________________________ 
01/03/2021 17:03 [DEBUG]
User with email elon@gmail.com successfully logged in
__________________________________________________________________ 
01/03/2021 17:03 [DEBUG]
wrong user/pass combination
__________________________________________________________________ 
01/03/2021 17:04 [DEBUG]
User with email liu@gmail.com successfully logged in
__________________________________________________________________ 
01/03/2021 17:04 [DEBUG]
wrong user/pass combination
__________________________________________________________________ 
01/03/2021 17:07 [DEBUG]
User with email elon@gmail.com successfully logged in
__________________________________________________________________ 
01/03/2021 17:07 [DEBUG]
wrong user/pass combination
__________________________________________________________________ 
01/03/2021 17:07 [DEBUG]
User with email liu@gmail.com successfully logged in
__________________________________________________________________ 
01/03/2021 17:07 [DEBUG]
wrong user/pass combination
__________________________________________________________________ 
01/03/2021 17:08 [DEBUG]
User with email elon@gmail.com successfully logged in
__________________________________________________________________ 
01/03/2021 17:08 [DEBUG]
wrong user/pass combination
__________________________________________________________________ 
